<?xml version="1.0" encoding="UTF-8"?>
<testsuite xmlns:xsi="http://www.w3.org/2001/XMLSchema-instance" xsi:noNamespaceSchemaLocation="https://maven.apache.org/surefire/maven-surefire-plugin/xsd/surefire-test-report-3.0.xsd" version="3.0" name="com.compiler.RegexTest" time="0.071" tests="70" errors="0" skipped="0" failures="0">
  <properties>
[...]
</properties>
  <testcase name="testConcatWithGroupUnion(String, boolean)[1]" classname="com.compiler.RegexTest" time="0.009"/>
  <testcase name="testConcatWithGroupUnion(String, boolean)[2]" classname="com.compiler.RegexTest" time="0.0"/>
  <testcase name="testConcatWithGroupUnion(String, boolean)[3]" classname="com.compiler.RegexTest" time="0.0"/>
  <testcase name="testConcatWithGroupUnion(String, boolean)[4]" classname="com.compiler.RegexTest" time="0.0"/>
  <testcase name="testConcatWithGroupUnion(String, boolean)[5]" classname="com.compiler.RegexTest" time="0.001"/>
  <testcase name="testPlusOperator(String, boolean)[1]" classname="com.compiler.RegexTest" time="0.001"/>
  <testcase name="testPlusOperator(String, boolean)[2]" classname="com.compiler.RegexTest" time="0.0"/>
  <testcase name="testPlusOperator(String, boolean)[3]" classname="com.compiler.RegexTest" time="0.0"/>
  <testcase name="testPlusOperator(String, boolean)[4]" classname="com.compiler.RegexTest" time="0.001"/>
  <testcase name="testPlusOperator(String, boolean)[5]" classname="com.compiler.RegexTest" time="0.0"/>
  <testcase name="testPrecedenceConcatOverUnion(String, boolean)[1]" classname="com.compiler.RegexTest" time="0.001"/>
  <testcase name="testPrecedenceConcatOverUnion(String, boolean)[2]" classname="com.compiler.RegexTest" time="0.0"/>
  <testcase name="testPrecedenceConcatOverUnion(String, boolean)[3]" classname="com.compiler.RegexTest" time="0.0"/>
  <testcase name="testPrecedenceConcatOverUnion(String, boolean)[4]" classname="com.compiler.RegexTest" time="0.001"/>
  <testcase name="testPrecedenceConcatOverUnion(String, boolean)[5]" classname="com.compiler.RegexTest" time="0.0"/>
  <testcase name="testPrecedenceKleeneOverConcat(String, boolean)[1]" classname="com.compiler.RegexTest" time="0.001"/>
  <testcase name="testPrecedenceKleeneOverConcat(String, boolean)[2]" classname="com.compiler.RegexTest" time="0.0"/>
  <testcase name="testPrecedenceKleeneOverConcat(String, boolean)[3]" classname="com.compiler.RegexTest" time="0.0"/>
  <testcase name="testPrecedenceKleeneOverConcat(String, boolean)[4]" classname="com.compiler.RegexTest" time="0.001"/>
  <testcase name="testPrecedenceKleeneOverConcat(String, boolean)[5]" classname="com.compiler.RegexTest" time="0.0"/>
  <testcase name="testPrecedenceKleeneOverConcat(String, boolean)[6]" classname="com.compiler.RegexTest" time="0.0"/>
  <testcase name="testPrecedenceKleeneOverConcat(String, boolean)[7]" classname="com.compiler.RegexTest" time="0.001"/>
  <testcase name="testComplexNesting(String, boolean)[1]" classname="com.compiler.RegexTest" time="0.001"/>
  <testcase name="testComplexNesting(String, boolean)[2]" classname="com.compiler.RegexTest" time="0.001"/>
  <testcase name="testComplexNesting(String, boolean)[3]" classname="com.compiler.RegexTest" time="0.0"/>
  <testcase name="testComplexNesting(String, boolean)[4]" classname="com.compiler.RegexTest" time="0.001"/>
  <testcase name="testComplexNesting(String, boolean)[5]" classname="com.compiler.RegexTest" time="0.0"/>
  <testcase name="testComplexNesting(String, boolean)[6]" classname="com.compiler.RegexTest" time="0.0"/>
  <testcase name="testComplexNesting(String, boolean)[7]" classname="com.compiler.RegexTest" time="0.001"/>
  <testcase name="testComplexNesting(String, boolean)[8]" classname="com.compiler.RegexTest" time="0.0"/>
  <testcase name="testContainsAtLeastOneA(String, boolean)[1]" classname="com.compiler.RegexTest" time="0.0"/>
  <testcase name="testContainsAtLeastOneA(String, boolean)[2]" classname="com.compiler.RegexTest" time="0.0"/>
  <testcase name="testContainsAtLeastOneA(String, boolean)[3]" classname="com.compiler.RegexTest" time="0.001"/>
  <testcase name="testContainsAtLeastOneA(String, boolean)[4]" classname="com.compiler.RegexTest" time="0.0"/>
  <testcase name="testContainsAtLeastOneA(String, boolean)[5]" classname="com.compiler.RegexTest" time="0.0"/>
  <testcase name="testContainsAtLeastOneA(String, boolean)[6]" classname="com.compiler.RegexTest" time="0.001"/>
  <testcase name="testContainsAtLeastOneA(String, boolean)[7]" classname="com.compiler.RegexTest" time="0.0"/>
  <testcase name="testContainsAtLeastOneA(String, boolean)[8]" classname="com.compiler.RegexTest" time="0.0"/>
  <testcase name="testContainsAtLeastOneA(String, boolean)[9]" classname="com.compiler.RegexTest" time="0.0"/>
  <testcase name="testContainsAtLeastOneA(String, boolean)[10]" classname="com.compiler.RegexTest" time="0.0"/>
  <testcase name="testGroupingKleene(String, boolean)[1]" classname="com.compiler.RegexTest" time="0.0"/>
  <testcase name="testGroupingKleene(String, boolean)[2]" classname="com.compiler.RegexTest" time="0.001"/>
  <testcase name="testGroupingKleene(String, boolean)[3]" classname="com.compiler.RegexTest" time="0.0"/>
  <testcase name="testGroupingKleene(String, boolean)[4]" classname="com.compiler.RegexTest" time="0.001"/>
  <testcase name="testGroupingKleene(String, boolean)[5]" classname="com.compiler.RegexTest" time="0.0"/>
  <testcase name="testGroupingKleene(String, boolean)[6]" classname="com.compiler.RegexTest" time="0.001"/>
  <testcase name="testGroupingKleene(String, boolean)[7]" classname="com.compiler.RegexTest" time="0.0"/>
  <testcase name="testGroupingKleene(String, boolean)[8]" classname="com.compiler.RegexTest" time="0.0"/>
  <testcase name="testGroupingKleene(String, boolean)[9]" classname="com.compiler.RegexTest" time="0.0"/>
  <testcase name="testGroupingKleene(String, boolean)[10]" classname="com.compiler.RegexTest" time="0.0"/>
  <testcase name="testGroupingKleene(String, boolean)[11]" classname="com.compiler.RegexTest" time="0.0"/>
  <testcase name="testUnionOperator(String, boolean)[1]" classname="com.compiler.RegexTest" time="0.0"/>
  <testcase name="testUnionOperator(String, boolean)[2]" classname="com.compiler.RegexTest" time="0.0"/>
  <testcase name="testUnionOperator(String, boolean)[3]" classname="com.compiler.RegexTest" time="0.0"/>
  <testcase name="testUnionOperator(String, boolean)[4]" classname="com.compiler.RegexTest" time="0.0"/>
  <testcase name="testUnionOperator(String, boolean)[5]" classname="com.compiler.RegexTest" time="0.0"/>
  <testcase name="testOptionalOperator(String, boolean)[1]" classname="com.compiler.RegexTest" time="0.0"/>
  <testcase name="testOptionalOperator(String, boolean)[2]" classname="com.compiler.RegexTest" time="0.0"/>
  <testcase name="testOptionalOperator(String, boolean)[3]" classname="com.compiler.RegexTest" time="0.0"/>
  <testcase name="testOptionalOperator(String, boolean)[4]" classname="com.compiler.RegexTest" time="0.0"/>
  <testcase name="testNestedKleene(String, boolean)[1]" classname="com.compiler.RegexTest" time="0.001"/>
  <testcase name="testNestedKleene(String, boolean)[2]" classname="com.compiler.RegexTest" time="0.0"/>
  <testcase name="testNestedKleene(String, boolean)[3]" classname="com.compiler.RegexTest" time="0.0"/>
  <testcase name="testNestedKleene(String, boolean)[4]" classname="com.compiler.RegexTest" time="0.0"/>
  <testcase name="testOptionalInsideConcat(String, boolean)[1]" classname="com.compiler.RegexTest" time="0.0"/>
  <testcase name="testOptionalInsideConcat(String, boolean)[2]" classname="com.compiler.RegexTest" time="0.001"/>
  <testcase name="testOptionalInsideConcat(String, boolean)[3]" classname="com.compiler.RegexTest" time="0.0"/>
  <testcase name="testOptionalInsideConcat(String, boolean)[4]" classname="com.compiler.RegexTest" time="0.0"/>
  <testcase name="testOptionalInsideConcat(String, boolean)[5]" classname="com.compiler.RegexTest" time="0.001"/>
  <testcase name="testOptionalInsideConcat(String, boolean)[6]" classname="com.compiler.RegexTest" time="0.0"/>
</testsuite>